start sever:2017-10-17 20:21:32
1782 [main] INFO org.quartz.impl.StdSchedulerFactory - Using default implementation for ThreadExecutor
1785 [main] INFO org.quartz.simpl.SimpleThreadPool - Job execution threads will use class loader of thread: main
1797 [main] INFO org.quartz.core.SchedulerSignalerImpl - Initialized Scheduler Signaller of type: class org.quartz.core.SchedulerSignalerImpl
1798 [main] INFO org.quartz.core.QuartzScheduler - Quartz Scheduler v.2.2.0 created.
1799 [main] INFO org.quartz.simpl.RAMJobStore - RAMJobStore initialized.
1801 [main] INFO org.quartz.core.QuartzScheduler - Scheduler meta-data: Quartz Scheduler (v2.2.0) 'DefaultQuartzScheduler' with instanceId 'NON_CLUSTERED'
  Scheduler class: 'org.quartz.core.QuartzScheduler' - running locally.
  NOT STARTED.
  Currently in standby mode.
  Number of jobs executed: 0
  Using thread pool 'org.quartz.simpl.SimpleThreadPool' - with 10 threads.
  Using job-store 'org.quartz.simpl.RAMJobStore' - which does not support persistence. and is not clustered.

1801 [main] INFO org.quartz.impl.StdSchedulerFactory - Quartz scheduler 'DefaultQuartzScheduler' initialized from default resource file in Quartz package: 'quartz.properties'
1801 [main] INFO org.quartz.impl.StdSchedulerFactory - Quartz scheduler version: 2.2.0
1836 [main] INFO org.quartz.core.QuartzScheduler - Scheduler DefaultQuartzScheduler_$_NON_CLUSTERED started.
1905 [main] INFO org.eclipse.jetty.server.Server - jetty-8.1.12.v20130726
1948 [main] INFO org.eclipse.jetty.server.AbstractConnector - Started SelectChannelConnector@0.0.0.0:9500
start over:2017-10-17 20:21:34
game start complete
2017-10-20 10:53:39 [ERROR]其他异常:userId:10031
java.lang.NullPointerException
	at com.service.impl.TradeService.systemItemBuy(TradeService.java:354)
	at com.action.TradeAction.systemItemBuy(TradeAction.java:97)
	at com.command.trading.SystemItemBuyCMD.excute(SystemItemBuyCMD.java:10)
	at com.core.GameCommandService.executeCommand(GameCommandService.java:435)
	at com.core.GameDataHandler.onData(GameDataHandler.java:17)
	at com.core.GameMessageHandler.messageReceived(GameMessageHandler.java:72)
	at org.jboss.netty.channel.SimpleChannelUpstreamHandler.handleUpstream(SimpleChannelUpstreamHandler.java:70)
	at com.core.GameMessageHandler.handleUpstream(GameMessageHandler.java:60)
	at org.jboss.netty.channel.DefaultChannelPipeline.sendUpstream(DefaultChannelPipeline.java:564)
	at org.jboss.netty.channel.DefaultChannelPipeline$DefaultChannelHandlerContext.sendUpstream(DefaultChannelPipeline.java:791)
	at org.jboss.netty.handler.execution.ChannelUpstreamEventRunnable.doRun(ChannelUpstreamEventRunnable.java:43)
	at org.jboss.netty.handler.execution.ChannelEventRunnable.run(ChannelEventRunnable.java:67)
	at java.util.concurrent.ThreadPoolExecutor.runWorker(ThreadPoolExecutor.java:1145)
	at java.util.concurrent.ThreadPoolExecutor$Worker.run(ThreadPoolExecutor.java:615)
	at java.lang.Thread.run(Thread.java:745)
2017-10-20 10:53:47 [ERROR]其他异常:userId:10031
java.lang.NullPointerException
	at com.service.impl.TradeService.systemItemBuy(TradeService.java:354)
	at com.action.TradeAction.systemItemBuy(TradeAction.java:97)
	at com.command.trading.SystemItemBuyCMD.excute(SystemItemBuyCMD.java:10)
	at com.core.GameCommandService.executeCommand(GameCommandService.java:435)
	at com.core.GameDataHandler.onData(GameDataHandler.java:17)
	at com.core.GameMessageHandler.messageReceived(GameMessageHandler.java:72)
	at org.jboss.netty.channel.SimpleChannelUpstreamHandler.handleUpstream(SimpleChannelUpstreamHandler.java:70)
	at com.core.GameMessageHandler.handleUpstream(GameMessageHandler.java:60)
	at org.jboss.netty.channel.DefaultChannelPipeline.sendUpstream(DefaultChannelPipeline.java:564)
	at org.jboss.netty.channel.DefaultChannelPipeline$DefaultChannelHandlerContext.sendUpstream(DefaultChannelPipeline.java:791)
	at org.jboss.netty.handler.execution.ChannelUpstreamEventRunnable.doRun(ChannelUpstreamEventRunnable.java:43)
	at org.jboss.netty.handler.execution.ChannelEventRunnable.run(ChannelEventRunnable.java:67)
	at java.util.concurrent.ThreadPoolExecutor.runWorker(ThreadPoolExecutor.java:1145)
	at java.util.concurrent.ThreadPoolExecutor$Worker.run(ThreadPoolExecutor.java:615)
	at java.lang.Thread.run(Thread.java:745)
2017-10-20 10:53:48 [ERROR]其他异常:userId:10031
java.lang.NullPointerException
	at com.service.impl.TradeService.systemItemBuy(TradeService.java:354)
	at com.action.TradeAction.systemItemBuy(TradeAction.java:97)
	at com.command.trading.SystemItemBuyCMD.excute(SystemItemBuyCMD.java:10)
	at com.core.GameCommandService.executeCommand(GameCommandService.java:435)
	at com.core.GameDataHandler.onData(GameDataHandler.java:17)
	at com.core.GameMessageHandler.messageReceived(GameMessageHandler.java:72)
	at org.jboss.netty.channel.SimpleChannelUpstreamHandler.handleUpstream(SimpleChannelUpstreamHandler.java:70)
	at com.core.GameMessageHandler.handleUpstream(GameMessageHandler.java:60)
	at org.jboss.netty.channel.DefaultChannelPipeline.sendUpstream(DefaultChannelPipeline.java:564)
	at org.jboss.netty.channel.DefaultChannelPipeline$DefaultChannelHandlerContext.sendUpstream(DefaultChannelPipeline.java:791)
	at org.jboss.netty.handler.execution.ChannelUpstreamEventRunnable.doRun(ChannelUpstreamEventRunnable.java:43)
	at org.jboss.netty.handler.execution.ChannelEventRunnable.run(ChannelEventRunnable.java:67)
	at java.util.concurrent.ThreadPoolExecutor.runWorker(ThreadPoolExecutor.java:1145)
	at java.util.concurrent.ThreadPoolExecutor$Worker.run(ThreadPoolExecutor.java:615)
	at java.lang.Thread.run(Thread.java:745)
2017-10-20 10:53:49 [ERROR]其他异常:userId:10031
java.lang.NullPointerException
	at com.service.impl.TradeService.systemItemBuy(TradeService.java:354)
	at com.action.TradeAction.systemItemBuy(TradeAction.java:97)
	at com.command.trading.SystemItemBuyCMD.excute(SystemItemBuyCMD.java:10)
	at com.core.GameCommandService.executeCommand(GameCommandService.java:435)
	at com.core.GameDataHandler.onData(GameDataHandler.java:17)
	at com.core.GameMessageHandler.messageReceived(GameMessageHandler.java:72)
	at org.jboss.netty.channel.SimpleChannelUpstreamHandler.handleUpstream(SimpleChannelUpstreamHandler.java:70)
	at com.core.GameMessageHandler.handleUpstream(GameMessageHandler.java:60)
	at org.jboss.netty.channel.DefaultChannelPipeline.sendUpstream(DefaultChannelPipeline.java:564)
	at org.jboss.netty.channel.DefaultChannelPipeline$DefaultChannelHandlerContext.sendUpstream(DefaultChannelPipeline.java:791)
	at org.jboss.netty.handler.execution.ChannelUpstreamEventRunnable.doRun(ChannelUpstreamEventRunnable.java:43)
	at org.jboss.netty.handler.execution.ChannelEventRunnable.run(ChannelEventRunnable.java:67)
	at java.util.concurrent.ThreadPoolExecutor.runWorker(ThreadPoolExecutor.java:1145)
	at java.util.concurrent.ThreadPoolExecutor$Worker.run(ThreadPoolExecutor.java:615)
	at java.lang.Thread.run(Thread.java:745)
2017-10-20 10:53:49 [ERROR]其他异常:userId:10031
java.lang.NullPointerException
	at com.service.impl.TradeService.systemItemBuy(TradeService.java:354)
	at com.action.TradeAction.systemItemBuy(TradeAction.java:97)
	at com.command.trading.SystemItemBuyCMD.excute(SystemItemBuyCMD.java:10)
	at com.core.GameCommandService.executeCommand(GameCommandService.java:435)
	at com.core.GameDataHandler.onData(GameDataHandler.java:17)
	at com.core.GameMessageHandler.messageReceived(GameMessageHandler.java:72)
	at org.jboss.netty.channel.SimpleChannelUpstreamHandler.handleUpstream(SimpleChannelUpstreamHandler.java:70)
	at com.core.GameMessageHandler.handleUpstream(GameMessageHandler.java:60)
	at org.jboss.netty.channel.DefaultChannelPipeline.sendUpstream(DefaultChannelPipeline.java:564)
	at org.jboss.netty.channel.DefaultChannelPipeline$DefaultChannelHandlerContext.sendUpstream(DefaultChannelPipeline.java:791)
	at org.jboss.netty.handler.execution.ChannelUpstreamEventRunnable.doRun(ChannelUpstreamEventRunnable.java:43)
	at org.jboss.netty.handler.execution.ChannelEventRunnable.run(ChannelEventRunnable.java:67)
	at java.util.concurrent.ThreadPoolExecutor.runWorker(ThreadPoolExecutor.java:1145)
	at java.util.concurrent.ThreadPoolExecutor$Worker.run(ThreadPoolExecutor.java:615)
	at java.lang.Thread.run(Thread.java:745)
2017-10-20 10:53:49 [ERROR]其他异常:userId:10031
java.lang.NullPointerException
	at com.service.impl.TradeService.systemItemBuy(TradeService.java:354)
	at com.action.TradeAction.systemItemBuy(TradeAction.java:97)
	at com.command.trading.SystemItemBuyCMD.excute(SystemItemBuyCMD.java:10)
	at com.core.GameCommandService.executeCommand(GameCommandService.java:435)
	at com.core.GameDataHandler.onData(GameDataHandler.java:17)
	at com.core.GameMessageHandler.messageReceived(GameMessageHandler.java:72)
	at org.jboss.netty.channel.SimpleChannelUpstreamHandler.handleUpstream(SimpleChannelUpstreamHandler.java:70)
	at com.core.GameMessageHandler.handleUpstream(GameMessageHandler.java:60)
	at org.jboss.netty.channel.DefaultChannelPipeline.sendUpstream(DefaultChannelPipeline.java:564)
	at org.jboss.netty.channel.DefaultChannelPipeline$DefaultChannelHandlerContext.sendUpstream(DefaultChannelPipeline.java:791)
	at org.jboss.netty.handler.execution.ChannelUpstreamEventRunnable.doRun(ChannelUpstreamEventRunnable.java:43)
	at org.jboss.netty.handler.execution.ChannelEventRunnable.run(ChannelEventRunnable.java:67)
	at java.util.concurrent.ThreadPoolExecutor.runWorker(ThreadPoolExecutor.java:1145)
	at java.util.concurrent.ThreadPoolExecutor$Worker.run(ThreadPoolExecutor.java:615)
	at java.lang.Thread.run(Thread.java:745)
2017-10-20 10:53:49 [ERROR]其他异常:userId:10031
java.lang.NullPointerException
	at com.service.impl.TradeService.systemItemBuy(TradeService.java:354)
	at com.action.TradeAction.systemItemBuy(TradeAction.java:97)
	at com.command.trading.SystemItemBuyCMD.excute(SystemItemBuyCMD.java:10)
	at com.core.GameCommandService.executeCommand(GameCommandService.java:435)
	at com.core.GameDataHandler.onData(GameDataHandler.java:17)
	at com.core.GameMessageHandler.messageReceived(GameMessageHandler.java:72)
	at org.jboss.netty.channel.SimpleChannelUpstreamHandler.handleUpstream(SimpleChannelUpstreamHandler.java:70)
	at com.core.GameMessageHandler.handleUpstream(GameMessageHandler.java:60)
	at org.jboss.netty.channel.DefaultChannelPipeline.sendUpstream(DefaultChannelPipeline.java:564)
	at org.jboss.netty.channel.DefaultChannelPipeline$DefaultChannelHandlerContext.sendUpstream(DefaultChannelPipeline.java:791)
	at org.jboss.netty.handler.execution.ChannelUpstreamEventRunnable.doRun(ChannelUpstreamEventRunnable.java:43)
	at org.jboss.netty.handler.execution.ChannelEventRunnable.run(ChannelEventRunnable.java:67)
	at java.util.concurrent.ThreadPoolExecutor.runWorker(ThreadPoolExecutor.java:1145)
	at java.util.concurrent.ThreadPoolExecutor$Worker.run(ThreadPoolExecutor.java:615)
	at java.lang.Thread.run(Thread.java:745)
2017-10-20 10:53:49 [ERROR]其他异常:userId:10031
java.lang.NullPointerException
	at com.service.impl.TradeService.systemItemBuy(TradeService.java:354)
	at com.action.TradeAction.systemItemBuy(TradeAction.java:97)
	at com.command.trading.SystemItemBuyCMD.excute(SystemItemBuyCMD.java:10)
	at com.core.GameCommandService.executeCommand(GameCommandService.java:435)
	at com.core.GameDataHandler.onData(GameDataHandler.java:17)
	at com.core.GameMessageHandler.messageReceived(GameMessageHandler.java:72)
	at org.jboss.netty.channel.SimpleChannelUpstreamHandler.handleUpstream(SimpleChannelUpstreamHandler.java:70)
	at com.core.GameMessageHandler.handleUpstream(GameMessageHandler.java:60)
	at org.jboss.netty.channel.DefaultChannelPipeline.sendUpstream(DefaultChannelPipeline.java:564)
	at org.jboss.netty.channel.DefaultChannelPipeline$DefaultChannelHandlerContext.sendUpstream(DefaultChannelPipeline.java:791)
	at org.jboss.netty.handler.execution.ChannelUpstreamEventRunnable.doRun(ChannelUpstreamEventRunnable.java:43)
	at org.jboss.netty.handler.execution.ChannelEventRunnable.run(ChannelEventRunnable.java:67)
	at java.util.concurrent.ThreadPoolExecutor.runWorker(ThreadPoolExecutor.java:1145)
	at java.util.concurrent.ThreadPoolExecutor$Worker.run(ThreadPoolExecutor.java:615)
	at java.lang.Thread.run(Thread.java:745)
2017-10-20 10:53:49 [ERROR]其他异常:userId:10031
java.lang.NullPointerException
	at com.service.impl.TradeService.systemItemBuy(TradeService.java:354)
	at com.action.TradeAction.systemItemBuy(TradeAction.java:97)
	at com.command.trading.SystemItemBuyCMD.excute(SystemItemBuyCMD.java:10)
	at com.core.GameCommandService.executeCommand(GameCommandService.java:435)
	at com.core.GameDataHandler.onData(GameDataHandler.java:17)
	at com.core.GameMessageHandler.messageReceived(GameMessageHandler.java:72)
	at org.jboss.netty.channel.SimpleChannelUpstreamHandler.handleUpstream(SimpleChannelUpstreamHandler.java:70)
	at com.core.GameMessageHandler.handleUpstream(GameMessageHandler.java:60)
	at org.jboss.netty.channel.DefaultChannelPipeline.sendUpstream(DefaultChannelPipeline.java:564)
	at org.jboss.netty.channel.DefaultChannelPipeline$DefaultChannelHandlerContext.sendUpstream(DefaultChannelPipeline.java:791)
	at org.jboss.netty.handler.execution.ChannelUpstreamEventRunnable.doRun(ChannelUpstreamEventRunnable.java:43)
	at org.jboss.netty.handler.execution.ChannelEventRunnable.run(ChannelEventRunnable.java:67)
	at java.util.concurrent.ThreadPoolExecutor.runWorker(ThreadPoolExecutor.java:1145)
	at java.util.concurrent.ThreadPoolExecutor$Worker.run(ThreadPoolExecutor.java:615)
	at java.lang.Thread.run(Thread.java:745)
2017-10-20 10:53:49 [ERROR]其他异常:userId:10031
java.lang.NullPointerException
	at com.service.impl.TradeService.systemItemBuy(TradeService.java:354)
	at com.action.TradeAction.systemItemBuy(TradeAction.java:97)
	at com.command.trading.SystemItemBuyCMD.excute(SystemItemBuyCMD.java:10)
	at com.core.GameCommandService.executeCommand(GameCommandService.java:435)
	at com.core.GameDataHandler.onData(GameDataHandler.java:17)
	at com.core.GameMessageHandler.messageReceived(GameMessageHandler.java:72)
	at org.jboss.netty.channel.SimpleChannelUpstreamHandler.handleUpstream(SimpleChannelUpstreamHandler.java:70)
	at com.core.GameMessageHandler.handleUpstream(GameMessageHandler.java:60)
	at org.jboss.netty.channel.DefaultChannelPipeline.sendUpstream(DefaultChannelPipeline.java:564)
	at org.jboss.netty.channel.DefaultChannelPipeline$DefaultChannelHandlerContext.sendUpstream(DefaultChannelPipeline.java:791)
	at org.jboss.netty.handler.execution.ChannelUpstreamEventRunnable.doRun(ChannelUpstreamEventRunnable.java:43)
	at org.jboss.netty.handler.execution.ChannelEventRunnable.run(ChannelEventRunnable.java:67)
	at java.util.concurrent.ThreadPoolExecutor.runWorker(ThreadPoolExecutor.java:1145)
	at java.util.concurrent.ThreadPoolExecutor$Worker.run(ThreadPoolExecutor.java:615)
	at java.lang.Thread.run(Thread.java:745)
2017-10-20 10:53:53 [ERROR]其他异常:userId:10031
java.lang.NullPointerException
	at com.service.impl.TradeService.systemItemBuy(TradeService.java:354)
	at com.action.TradeAction.systemItemBuy(TradeAction.java:97)
	at com.command.trading.SystemItemBuyCMD.excute(SystemItemBuyCMD.java:10)
	at com.core.GameCommandService.executeCommand(GameCommandService.java:435)
	at com.core.GameDataHandler.onData(GameDataHandler.java:17)
	at com.core.GameMessageHandler.messageReceived(GameMessageHandler.java:72)
	at org.jboss.netty.channel.SimpleChannelUpstreamHandler.handleUpstream(SimpleChannelUpstreamHandler.java:70)
	at com.core.GameMessageHandler.handleUpstream(GameMessageHandler.java:60)
	at org.jboss.netty.channel.DefaultChannelPipeline.sendUpstream(DefaultChannelPipeline.java:564)
	at org.jboss.netty.channel.DefaultChannelPipeline$DefaultChannelHandlerContext.sendUpstream(DefaultChannelPipeline.java:791)
	at org.jboss.netty.handler.execution.ChannelUpstreamEventRunnable.doRun(ChannelUpstreamEventRunnable.java:43)
	at org.jboss.netty.handler.execution.ChannelEventRunnable.run(ChannelEventRunnable.java:67)
	at java.util.concurrent.ThreadPoolExecutor.runWorker(ThreadPoolExecutor.java:1145)
	at java.util.concurrent.ThreadPoolExecutor$Worker.run(ThreadPoolExecutor.java:615)
	at java.lang.Thread.run(Thread.java:745)
2017-10-20 10:53:54 [ERROR]其他异常:userId:10031
java.lang.NullPointerException
	at com.service.impl.TradeService.systemItemBuy(TradeService.java:354)
	at com.action.TradeAction.systemItemBuy(TradeAction.java:97)
	at com.command.trading.SystemItemBuyCMD.excute(SystemItemBuyCMD.java:10)
	at com.core.GameCommandService.executeCommand(GameCommandService.java:435)
	at com.core.GameDataHandler.onData(GameDataHandler.java:17)
	at com.core.GameMessageHandler.messageReceived(GameMessageHandler.java:72)
	at org.jboss.netty.channel.SimpleChannelUpstreamHandler.handleUpstream(SimpleChannelUpstreamHandler.java:70)
	at com.core.GameMessageHandler.handleUpstream(GameMessageHandler.java:60)
	at org.jboss.netty.channel.DefaultChannelPipeline.sendUpstream(DefaultChannelPipeline.java:564)
	at org.jboss.netty.channel.DefaultChannelPipeline$DefaultChannelHandlerContext.sendUpstream(DefaultChannelPipeline.java:791)
	at org.jboss.netty.handler.execution.ChannelUpstreamEventRunnable.doRun(ChannelUpstreamEventRunnable.java:43)
	at org.jboss.netty.handler.execution.ChannelEventRunnable.run(ChannelEventRunnable.java:67)
	at java.util.concurrent.ThreadPoolExecutor.runWorker(ThreadPoolExecutor.java:1145)
	at java.util.concurrent.ThreadPoolExecutor$Worker.run(ThreadPoolExecutor.java:615)
	at java.lang.Thread.run(Thread.java:745)
2017-10-20 10:54:04 [ERROR]其他异常:userId:10031
java.lang.NullPointerException
	at com.service.impl.TradeService.systemItemBuy(TradeService.java:354)
	at com.action.TradeAction.systemItemBuy(TradeAction.java:97)
	at com.command.trading.SystemItemBuyCMD.excute(SystemItemBuyCMD.java:10)
	at com.core.GameCommandService.executeCommand(GameCommandService.java:435)
	at com.core.GameDataHandler.onData(GameDataHandler.java:17)
	at com.core.GameMessageHandler.messageReceived(GameMessageHandler.java:72)
	at org.jboss.netty.channel.SimpleChannelUpstreamHandler.handleUpstream(SimpleChannelUpstreamHandler.java:70)
	at com.core.GameMessageHandler.handleUpstream(GameMessageHandler.java:60)
	at org.jboss.netty.channel.DefaultChannelPipeline.sendUpstream(DefaultChannelPipeline.java:564)
	at org.jboss.netty.channel.DefaultChannelPipeline$DefaultChannelHandlerContext.sendUpstream(DefaultChannelPipeline.java:791)
	at org.jboss.netty.handler.execution.ChannelUpstreamEventRunnable.doRun(ChannelUpstreamEventRunnable.java:43)
	at org.jboss.netty.handler.execution.ChannelEventRunnable.run(ChannelEventRunnable.java:67)
	at java.util.concurrent.ThreadPoolExecutor.runWorker(ThreadPoolExecutor.java:1145)
	at java.util.concurrent.ThreadPoolExecutor$Worker.run(ThreadPoolExecutor.java:615)
	at java.lang.Thread.run(Thread.java:745)
2017-10-20 10:54:13 [ERROR]其他异常:userId:10031
java.lang.NullPointerException
	at com.service.impl.TradeService.systemItemBuy(TradeService.java:354)
	at com.action.TradeAction.systemItemBuy(TradeAction.java:97)
	at com.command.trading.SystemItemBuyCMD.excute(SystemItemBuyCMD.java:10)
	at com.core.GameCommandService.executeCommand(GameCommandService.java:435)
	at com.core.GameDataHandler.onData(GameDataHandler.java:17)
	at com.core.GameMessageHandler.messageReceived(GameMessageHandler.java:72)
	at org.jboss.netty.channel.SimpleChannelUpstreamHandler.handleUpstream(SimpleChannelUpstreamHandler.java:70)
	at com.core.GameMessageHandler.handleUpstream(GameMessageHandler.java:60)
	at org.jboss.netty.channel.DefaultChannelPipeline.sendUpstream(DefaultChannelPipeline.java:564)
	at org.jboss.netty.channel.DefaultChannelPipeline$DefaultChannelHandlerContext.sendUpstream(DefaultChannelPipeline.java:791)
	at org.jboss.netty.handler.execution.ChannelUpstreamEventRunnable.doRun(ChannelUpstreamEventRunnable.java:43)
	at org.jboss.netty.handler.execution.ChannelEventRunnable.run(ChannelEventRunnable.java:67)
	at java.util.concurrent.ThreadPoolExecutor.runWorker(ThreadPoolExecutor.java:1145)
	at java.util.concurrent.ThreadPoolExecutor$Worker.run(ThreadPoolExecutor.java:615)
	at java.lang.Thread.run(Thread.java:745)
2017-10-20 10:54:13 [ERROR]其他异常:userId:10031
java.lang.NullPointerException
	at com.service.impl.TradeService.systemItemBuy(TradeService.java:354)
	at com.action.TradeAction.systemItemBuy(TradeAction.java:97)
	at com.command.trading.SystemItemBuyCMD.excute(SystemItemBuyCMD.java:10)
	at com.core.GameCommandService.executeCommand(GameCommandService.java:435)
	at com.core.GameDataHandler.onData(GameDataHandler.java:17)
	at com.core.GameMessageHandler.messageReceived(GameMessageHandler.java:72)
	at org.jboss.netty.channel.SimpleChannelUpstreamHandler.handleUpstream(SimpleChannelUpstreamHandler.java:70)
	at com.core.GameMessageHandler.handleUpstream(GameMessageHandler.java:60)
	at org.jboss.netty.channel.DefaultChannelPipeline.sendUpstream(DefaultChannelPipeline.java:564)
	at org.jboss.netty.channel.DefaultChannelPipeline$DefaultChannelHandlerContext.sendUpstream(DefaultChannelPipeline.java:791)
	at org.jboss.netty.handler.execution.ChannelUpstreamEventRunnable.doRun(ChannelUpstreamEventRunnable.java:43)
	at org.jboss.netty.handler.execution.ChannelEventRunnable.run(ChannelEventRunnable.java:67)
	at java.util.concurrent.ThreadPoolExecutor.runWorker(ThreadPoolExecutor.java:1145)
	at java.util.concurrent.ThreadPoolExecutor$Worker.run(ThreadPoolExecutor.java:615)
	at java.lang.Thread.run(Thread.java:745)
2017-10-20 10:54:13 [ERROR]其他异常:userId:10031
java.lang.NullPointerException
	at com.service.impl.TradeService.systemItemBuy(TradeService.java:354)
	at com.action.TradeAction.systemItemBuy(TradeAction.java:97)
	at com.command.trading.SystemItemBuyCMD.excute(SystemItemBuyCMD.java:10)
	at com.core.GameCommandService.executeCommand(GameCommandService.java:435)
	at com.core.GameDataHandler.onData(GameDataHandler.java:17)
	at com.core.GameMessageHandler.messageReceived(GameMessageHandler.java:72)
	at org.jboss.netty.channel.SimpleChannelUpstreamHandler.handleUpstream(SimpleChannelUpstreamHandler.java:70)
	at com.core.GameMessageHandler.handleUpstream(GameMessageHandler.java:60)
	at org.jboss.netty.channel.DefaultChannelPipeline.sendUpstream(DefaultChannelPipeline.java:564)
	at org.jboss.netty.channel.DefaultChannelPipeline$DefaultChannelHandlerContext.sendUpstream(DefaultChannelPipeline.java:791)
	at org.jboss.netty.handler.execution.ChannelUpstreamEventRunnable.doRun(ChannelUpstreamEventRunnable.java:43)
	at org.jboss.netty.handler.execution.ChannelEventRunnable.run(ChannelEventRunnable.java:67)
	at java.util.concurrent.ThreadPoolExecutor.runWorker(ThreadPoolExecutor.java:1145)
	at java.util.concurrent.ThreadPoolExecutor$Worker.run(ThreadPoolExecutor.java:615)
	at java.lang.Thread.run(Thread.java:745)
2017-10-20 10:54:13 [ERROR]其他异常:userId:10031
java.lang.NullPointerException
	at com.service.impl.TradeService.systemItemBuy(TradeService.java:354)
	at com.action.TradeAction.systemItemBuy(TradeAction.java:97)
	at com.command.trading.SystemItemBuyCMD.excute(SystemItemBuyCMD.java:10)
	at com.core.GameCommandService.executeCommand(GameCommandService.java:435)
	at com.core.GameDataHandler.onData(GameDataHandler.java:17)
	at com.core.GameMessageHandler.messageReceived(GameMessageHandler.java:72)
	at org.jboss.netty.channel.SimpleChannelUpstreamHandler.handleUpstream(SimpleChannelUpstreamHandler.java:70)
	at com.core.GameMessageHandler.handleUpstream(GameMessageHandler.java:60)
	at org.jboss.netty.channel.DefaultChannelPipeline.sendUpstream(DefaultChannelPipeline.java:564)
	at org.jboss.netty.channel.DefaultChannelPipeline$DefaultChannelHandlerContext.sendUpstream(DefaultChannelPipeline.java:791)
	at org.jboss.netty.handler.execution.ChannelUpstreamEventRunnable.doRun(ChannelUpstreamEventRunnable.java:43)
	at org.jboss.netty.handler.execution.ChannelEventRunnable.run(ChannelEventRunnable.java:67)
	at java.util.concurrent.ThreadPoolExecutor.runWorker(ThreadPoolExecutor.java:1145)
	at java.util.concurrent.ThreadPoolExecutor$Worker.run(ThreadPoolExecutor.java:615)
	at java.lang.Thread.run(Thread.java:745)
2017-10-20 10:54:13 [ERROR]其他异常:userId:10031
java.lang.NullPointerException
	at com.service.impl.TradeService.systemItemBuy(TradeService.java:354)
	at com.action.TradeAction.systemItemBuy(TradeAction.java:97)
	at com.command.trading.SystemItemBuyCMD.excute(SystemItemBuyCMD.java:10)
	at com.core.GameCommandService.executeCommand(GameCommandService.java:435)
	at com.core.GameDataHandler.onData(GameDataHandler.java:17)
	at com.core.GameMessageHandler.messageReceived(GameMessageHandler.java:72)
	at org.jboss.netty.channel.SimpleChannelUpstreamHandler.handleUpstream(SimpleChannelUpstreamHandler.java:70)
	at com.core.GameMessageHandler.handleUpstream(GameMessageHandler.java:60)
	at org.jboss.netty.channel.DefaultChannelPipeline.sendUpstream(DefaultChannelPipeline.java:564)
	at org.jboss.netty.channel.DefaultChannelPipeline$DefaultChannelHandlerContext.sendUpstream(DefaultChannelPipeline.java:791)
	at org.jboss.netty.handler.execution.ChannelUpstreamEventRunnable.doRun(ChannelUpstreamEventRunnable.java:43)
	at org.jboss.netty.handler.execution.ChannelEventRunnable.run(ChannelEventRunnable.java:67)
	at java.util.concurrent.ThreadPoolExecutor.runWorker(ThreadPoolExecutor.java:1145)
	at java.util.concurrent.ThreadPoolExecutor$Worker.run(ThreadPoolExecutor.java:615)
	at java.lang.Thread.run(Thread.java:745)
2017-10-20 10:54:14 [ERROR]其他异常:userId:10031
java.lang.NullPointerException
	at com.service.impl.TradeService.systemItemBuy(TradeService.java:354)
	at com.action.TradeAction.systemItemBuy(TradeAction.java:97)
	at com.command.trading.SystemItemBuyCMD.excute(SystemItemBuyCMD.java:10)
	at com.core.GameCommandService.executeCommand(GameCommandService.java:435)
	at com.core.GameDataHandler.onData(GameDataHandler.java:17)
	at com.core.GameMessageHandler.messageReceived(GameMessageHandler.java:72)
	at org.jboss.netty.channel.SimpleChannelUpstreamHandler.handleUpstream(SimpleChannelUpstreamHandler.java:70)
	at com.core.GameMessageHandler.handleUpstream(GameMessageHandler.java:60)
	at org.jboss.netty.channel.DefaultChannelPipeline.sendUpstream(DefaultChannelPipeline.java:564)
	at org.jboss.netty.channel.DefaultChannelPipeline$DefaultChannelHandlerContext.sendUpstream(DefaultChannelPipeline.java:791)
	at org.jboss.netty.handler.execution.ChannelUpstreamEventRunnable.doRun(ChannelUpstreamEventRunnable.java:43)
	at org.jboss.netty.handler.execution.ChannelEventRunnable.run(ChannelEventRunnable.java:67)
	at java.util.concurrent.ThreadPoolExecutor.runWorker(ThreadPoolExecutor.java:1145)
	at java.util.concurrent.ThreadPoolExecutor$Worker.run(ThreadPoolExecutor.java:615)
	at java.lang.Thread.run(Thread.java:745)
2017-10-20 10:54:14 [ERROR]其他异常:userId:10031
java.lang.NullPointerException
	at com.service.impl.TradeService.systemItemBuy(TradeService.java:354)
	at com.action.TradeAction.systemItemBuy(TradeAction.java:97)
	at com.command.trading.SystemItemBuyCMD.excute(SystemItemBuyCMD.java:10)
	at com.core.GameCommandService.executeCommand(GameCommandService.java:435)
	at com.core.GameDataHandler.onData(GameDataHandler.java:17)
	at com.core.GameMessageHandler.messageReceived(GameMessageHandler.java:72)
	at org.jboss.netty.channel.SimpleChannelUpstreamHandler.handleUpstream(SimpleChannelUpstreamHandler.java:70)
	at com.core.GameMessageHandler.handleUpstream(GameMessageHandler.java:60)
	at org.jboss.netty.channel.DefaultChannelPipeline.sendUpstream(DefaultChannelPipeline.java:564)
	at org.jboss.netty.channel.DefaultChannelPipeline$DefaultChannelHandlerContext.sendUpstream(DefaultChannelPipeline.java:791)
	at org.jboss.netty.handler.execution.ChannelUpstreamEventRunnable.doRun(ChannelUpstreamEventRunnable.java:43)
	at org.jboss.netty.handler.execution.ChannelEventRunnable.run(ChannelEventRunnable.java:67)
	at java.util.concurrent.ThreadPoolExecutor.runWorker(ThreadPoolExecutor.java:1145)
	at java.util.concurrent.ThreadPoolExecutor$Worker.run(ThreadPoolExecutor.java:615)
	at java.lang.Thread.run(Thread.java:745)
2017-10-20 10:54:14 [ERROR]其他异常:userId:10031
java.lang.NullPointerException
	at com.service.impl.TradeService.systemItemBuy(TradeService.java:354)
	at com.action.TradeAction.systemItemBuy(TradeAction.java:97)
	at com.command.trading.SystemItemBuyCMD.excute(SystemItemBuyCMD.java:10)
	at com.core.GameCommandService.executeCommand(GameCommandService.java:435)
	at com.core.GameDataHandler.onData(GameDataHandler.java:17)
	at com.core.GameMessageHandler.messageReceived(GameMessageHandler.java:72)
	at org.jboss.netty.channel.SimpleChannelUpstreamHandler.handleUpstream(SimpleChannelUpstreamHandler.java:70)
	at com.core.GameMessageHandler.handleUpstream(GameMessageHandler.java:60)
	at org.jboss.netty.channel.DefaultChannelPipeline.sendUpstream(DefaultChannelPipeline.java:564)
	at org.jboss.netty.channel.DefaultChannelPipeline$DefaultChannelHandlerContext.sendUpstream(DefaultChannelPipeline.java:791)
	at org.jboss.netty.handler.execution.ChannelUpstreamEventRunnable.doRun(ChannelUpstreamEventRunnable.java:43)
	at org.jboss.netty.handler.execution.ChannelEventRunnable.run(ChannelEventRunnable.java:67)
	at java.util.concurrent.ThreadPoolExecutor.runWorker(ThreadPoolExecutor.java:1145)
	at java.util.concurrent.ThreadPoolExecutor$Worker.run(ThreadPoolExecutor.java:615)
	at java.lang.Thread.run(Thread.java:745)
2017-10-20 10:54:14 [ERROR]其他异常:userId:10031
java.lang.NullPointerException
	at com.service.impl.TradeService.systemItemBuy(TradeService.java:354)
	at com.action.TradeAction.systemItemBuy(TradeAction.java:97)
	at com.command.trading.SystemItemBuyCMD.excute(SystemItemBuyCMD.java:10)
	at com.core.GameCommandService.executeCommand(GameCommandService.java:435)
	at com.core.GameDataHandler.onData(GameDataHandler.java:17)
	at com.core.GameMessageHandler.messageReceived(GameMessageHandler.java:72)
	at org.jboss.netty.channel.SimpleChannelUpstreamHandler.handleUpstream(SimpleChannelUpstreamHandler.java:70)
	at com.core.GameMessageHandler.handleUpstream(GameMessageHandler.java:60)
	at org.jboss.netty.channel.DefaultChannelPipeline.sendUpstream(DefaultChannelPipeline.java:564)
	at org.jboss.netty.channel.DefaultChannelPipeline$DefaultChannelHandlerContext.sendUpstream(DefaultChannelPipeline.java:791)
	at org.jboss.netty.handler.execution.ChannelUpstreamEventRunnable.doRun(ChannelUpstreamEventRunnable.java:43)
	at org.jboss.netty.handler.execution.ChannelEventRunnable.run(ChannelEventRunnable.java:67)
	at java.util.concurrent.ThreadPoolExecutor.runWorker(ThreadPoolExecutor.java:1145)
	at java.util.concurrent.ThreadPoolExecutor$Worker.run(ThreadPoolExecutor.java:615)
	at java.lang.Thread.run(Thread.java:745)
2017-10-20 10:54:14 [ERROR]其他异常:userId:10031
java.lang.NullPointerException
	at com.service.impl.TradeService.systemItemBuy(TradeService.java:354)
	at com.action.TradeAction.systemItemBuy(TradeAction.java:97)
	at com.command.trading.SystemItemBuyCMD.excute(SystemItemBuyCMD.java:10)
	at com.core.GameCommandService.executeCommand(GameCommandService.java:435)
	at com.core.GameDataHandler.onData(GameDataHandler.java:17)
	at com.core.GameMessageHandler.messageReceived(GameMessageHandler.java:72)
	at org.jboss.netty.channel.SimpleChannelUpstreamHandler.handleUpstream(SimpleChannelUpstreamHandler.java:70)
	at com.core.GameMessageHandler.handleUpstream(GameMessageHandler.java:60)
	at org.jboss.netty.channel.DefaultChannelPipeline.sendUpstream(DefaultChannelPipeline.java:564)
	at org.jboss.netty.channel.DefaultChannelPipeline$DefaultChannelHandlerContext.sendUpstream(DefaultChannelPipeline.java:791)
	at org.jboss.netty.handler.execution.ChannelUpstreamEventRunnable.doRun(ChannelUpstreamEventRunnable.java:43)
	at org.jboss.netty.handler.execution.ChannelEventRunnable.run(ChannelEventRunnable.java:67)
	at java.util.concurrent.ThreadPoolExecutor.runWorker(ThreadPoolExecutor.java:1145)
	at java.util.concurrent.ThreadPoolExecutor$Worker.run(ThreadPoolExecutor.java:615)
	at java.lang.Thread.run(Thread.java:745)
2017-10-20 10:54:16 [ERROR]其他异常:userId:10031
java.lang.NullPointerException
	at com.service.impl.TradeService.systemItemBuy(TradeService.java:354)
	at com.action.TradeAction.systemItemBuy(TradeAction.java:97)
	at com.command.trading.SystemItemBuyCMD.excute(SystemItemBuyCMD.java:10)
	at com.core.GameCommandService.executeCommand(GameCommandService.java:435)
	at com.core.GameDataHandler.onData(GameDataHandler.java:17)
	at com.core.GameMessageHandler.messageReceived(GameMessageHandler.java:72)
	at org.jboss.netty.channel.SimpleChannelUpstreamHandler.handleUpstream(SimpleChannelUpstreamHandler.java:70)
	at com.core.GameMessageHandler.handleUpstream(GameMessageHandler.java:60)
	at org.jboss.netty.channel.DefaultChannelPipeline.sendUpstream(DefaultChannelPipeline.java:564)
	at org.jboss.netty.channel.DefaultChannelPipeline$DefaultChannelHandlerContext.sendUpstream(DefaultChannelPipeline.java:791)
	at org.jboss.netty.handler.execution.ChannelUpstreamEventRunnable.doRun(ChannelUpstreamEventRunnable.java:43)
	at org.jboss.netty.handler.execution.ChannelEventRunnable.run(ChannelEventRunnable.java:67)
	at java.util.concurrent.ThreadPoolExecutor.runWorker(ThreadPoolExecutor.java:1145)
	at java.util.concurrent.ThreadPoolExecutor$Worker.run(ThreadPoolExecutor.java:615)
	at java.lang.Thread.run(Thread.java:745)
2017-10-20 10:54:16 [ERROR]其他异常:userId:10031
java.lang.NullPointerException
	at com.service.impl.TradeService.systemItemBuy(TradeService.java:354)
	at com.action.TradeAction.systemItemBuy(TradeAction.java:97)
	at com.command.trading.SystemItemBuyCMD.excute(SystemItemBuyCMD.java:10)
	at com.core.GameCommandService.executeCommand(GameCommandService.java:435)
	at com.core.GameDataHandler.onData(GameDataHandler.java:17)
	at com.core.GameMessageHandler.messageReceived(GameMessageHandler.java:72)
	at org.jboss.netty.channel.SimpleChannelUpstreamHandler.handleUpstream(SimpleChannelUpstreamHandler.java:70)
	at com.core.GameMessageHandler.handleUpstream(GameMessageHandler.java:60)
	at org.jboss.netty.channel.DefaultChannelPipeline.sendUpstream(DefaultChannelPipeline.java:564)
	at org.jboss.netty.channel.DefaultChannelPipeline$DefaultChannelHandlerContext.sendUpstream(DefaultChannelPipeline.java:791)
	at org.jboss.netty.handler.execution.ChannelUpstreamEventRunnable.doRun(ChannelUpstreamEventRunnable.java:43)
	at org.jboss.netty.handler.execution.ChannelEventRunnable.run(ChannelEventRunnable.java:67)
	at java.util.concurrent.ThreadPoolExecutor.runWorker(ThreadPoolExecutor.java:1145)
	at java.util.concurrent.ThreadPoolExecutor$Worker.run(ThreadPoolExecutor.java:615)
	at java.lang.Thread.run(Thread.java:745)
2017-10-20 10:54:18 [ERROR]其他异常:userId:10031
java.lang.NullPointerException
	at com.service.impl.TradeService.systemItemBuy(TradeService.java:354)
	at com.action.TradeAction.systemItemBuy(TradeAction.java:97)
	at com.command.trading.SystemItemBuyCMD.excute(SystemItemBuyCMD.java:10)
	at com.core.GameCommandService.executeCommand(GameCommandService.java:435)
	at com.core.GameDataHandler.onData(GameDataHandler.java:17)
	at com.core.GameMessageHandler.messageReceived(GameMessageHandler.java:72)
	at org.jboss.netty.channel.SimpleChannelUpstreamHandler.handleUpstream(SimpleChannelUpstreamHandler.java:70)
	at com.core.GameMessageHandler.handleUpstream(GameMessageHandler.java:60)
	at org.jboss.netty.channel.DefaultChannelPipeline.sendUpstream(DefaultChannelPipeline.java:564)
	at org.jboss.netty.channel.DefaultChannelPipeline$DefaultChannelHandlerContext.sendUpstream(DefaultChannelPipeline.java:791)
	at org.jboss.netty.handler.execution.ChannelUpstreamEventRunnable.doRun(ChannelUpstreamEventRunnable.java:43)
	at org.jboss.netty.handler.execution.ChannelEventRunnable.run(ChannelEventRunnable.java:67)
	at java.util.concurrent.ThreadPoolExecutor.runWorker(ThreadPoolExecutor.java:1145)
	at java.util.concurrent.ThreadPoolExecutor$Worker.run(ThreadPoolExecutor.java:615)
	at java.lang.Thread.run(Thread.java:745)
2017-10-20 10:54:18 [ERROR]其他异常:userId:10031
java.lang.NullPointerException
	at com.service.impl.TradeService.systemItemBuy(TradeService.java:354)
	at com.action.TradeAction.systemItemBuy(TradeAction.java:97)
	at com.command.trading.SystemItemBuyCMD.excute(SystemItemBuyCMD.java:10)
	at com.core.GameCommandService.executeCommand(GameCommandService.java:435)
	at com.core.GameDataHandler.onData(GameDataHandler.java:17)
	at com.core.GameMessageHandler.messageReceived(GameMessageHandler.java:72)
	at org.jboss.netty.channel.SimpleChannelUpstreamHandler.handleUpstream(SimpleChannelUpstreamHandler.java:70)
	at com.core.GameMessageHandler.handleUpstream(GameMessageHandler.java:60)
	at org.jboss.netty.channel.DefaultChannelPipeline.sendUpstream(DefaultChannelPipeline.java:564)
	at org.jboss.netty.channel.DefaultChannelPipeline$DefaultChannelHandlerContext.sendUpstream(DefaultChannelPipeline.java:791)
	at org.jboss.netty.handler.execution.ChannelUpstreamEventRunnable.doRun(ChannelUpstreamEventRunnable.java:43)
	at org.jboss.netty.handler.execution.ChannelEventRunnable.run(ChannelEventRunnable.java:67)
	at java.util.concurrent.ThreadPoolExecutor.runWorker(ThreadPoolExecutor.java:1145)
	at java.util.concurrent.ThreadPoolExecutor$Worker.run(ThreadPoolExecutor.java:615)
	at java.lang.Thread.run(Thread.java:745)
2017-10-20 10:54:18 [ERROR]其他异常:userId:10031
java.lang.NullPointerException
	at com.service.impl.TradeService.systemItemBuy(TradeService.java:354)
	at com.action.TradeAction.systemItemBuy(TradeAction.java:97)
	at com.command.trading.SystemItemBuyCMD.excute(SystemItemBuyCMD.java:10)
	at com.core.GameCommandService.executeCommand(GameCommandService.java:435)
	at com.core.GameDataHandler.onData(GameDataHandler.java:17)
	at com.core.GameMessageHandler.messageReceived(GameMessageHandler.java:72)
	at org.jboss.netty.channel.SimpleChannelUpstreamHandler.handleUpstream(SimpleChannelUpstreamHandler.java:70)
	at com.core.GameMessageHandler.handleUpstream(GameMessageHandler.java:60)
	at org.jboss.netty.channel.DefaultChannelPipeline.sendUpstream(DefaultChannelPipeline.java:564)
	at org.jboss.netty.channel.DefaultChannelPipeline$DefaultChannelHandlerContext.sendUpstream(DefaultChannelPipeline.java:791)
	at org.jboss.netty.handler.execution.ChannelUpstreamEventRunnable.doRun(ChannelUpstreamEventRunnable.java:43)
	at org.jboss.netty.handler.execution.ChannelEventRunnable.run(ChannelEventRunnable.java:67)
	at java.util.concurrent.ThreadPoolExecutor.runWorker(ThreadPoolExecutor.java:1145)
	at java.util.concurrent.ThreadPoolExecutor$Worker.run(ThreadPoolExecutor.java:615)
	at java.lang.Thread.run(Thread.java:745)
2017-10-20 10:54:18 [ERROR]其他异常:userId:10031
java.lang.NullPointerException
	at com.service.impl.TradeService.systemItemBuy(TradeService.java:354)
	at com.action.TradeAction.systemItemBuy(TradeAction.java:97)
	at com.command.trading.SystemItemBuyCMD.excute(SystemItemBuyCMD.java:10)
	at com.core.GameCommandService.executeCommand(GameCommandService.java:435)
	at com.core.GameDataHandler.onData(GameDataHandler.java:17)
	at com.core.GameMessageHandler.messageReceived(GameMessageHandler.java:72)
	at org.jboss.netty.channel.SimpleChannelUpstreamHandler.handleUpstream(SimpleChannelUpstreamHandler.java:70)
	at com.core.GameMessageHandler.handleUpstream(GameMessageHandler.java:60)
	at org.jboss.netty.channel.DefaultChannelPipeline.sendUpstream(DefaultChannelPipeline.java:564)
	at org.jboss.netty.channel.DefaultChannelPipeline$DefaultChannelHandlerContext.sendUpstream(DefaultChannelPipeline.java:791)
	at org.jboss.netty.handler.execution.ChannelUpstreamEventRunnable.doRun(ChannelUpstreamEventRunnable.java:43)
	at org.jboss.netty.handler.execution.ChannelEventRunnable.run(ChannelEventRunnable.java:67)
	at java.util.concurrent.ThreadPoolExecutor.runWorker(ThreadPoolExecutor.java:1145)
	at java.util.concurrent.ThreadPoolExecutor$Worker.run(ThreadPoolExecutor.java:615)
	at java.lang.Thread.run(Thread.java:745)
